<?xml version="1.0" encoding="UTF-8"?>
<!-- Generated by org.testng.reporters.JUnitReportReporter -->
<testsuite hostname="User-PC" name="javaPkg2Se.TC3" tests="1" failures="0" timestamp="25 Nov 2018 03:41:23 GMT" time="95.735" errors="0">
  <testcase name="Login" time="95.735" classname="javaPkg2Se.TC3"/>
</testsuite> <!-- javaPkg2Se.TC3 -->
