<?xml version="1.0" encoding="UTF-8"?>
<!-- Generated by org.testng.reporters.JUnitReportReporter -->
<testsuite hostname="User-PC" name="javaPkg2Se.TC1" tests="1" failures="0" timestamp="25 Nov 2018 03:45:41 GMT" time="78.707" errors="0">
  <testcase name="Login" time="78.707" classname="javaPkg2Se.TC1"/>
</testsuite> <!-- javaPkg2Se.TC1 -->
