<?xml version="1.0" encoding="UTF-8"?>
<!-- Generated by org.testng.reporters.JUnitReportReporter -->
<testsuite hostname="User-PC" name="Org.testing.testCases.TC3" tests="1" failures="0" timestamp="12 Dec 2018 14:53:45 GMT" time="66.745" errors="0">
  <testcase name="Login" time="66.745" classname="Org.testing.testCases.TC3"/>
</testsuite> <!-- Org.testing.testCases.TC3 -->
