<?xml version="1.0" encoding="UTF-8"?>
<!-- Generated by org.testng.reporters.JUnitReportReporter -->
<testsuite hostname="User-PC" name="javaPkg2Se.TC2" tests="1" failures="0" timestamp="24 Nov 2018 03:06:18 GMT" time="141.485" errors="0">
  <testcase name="Login" time="141.485" classname="javaPkg2Se.TC2"/>
</testsuite> <!-- javaPkg2Se.TC2 -->
